<?xml version="1.0" encoding="UTF-8"?>
<testsuite xmlns:xsi="http://www.w3.org/2001/XMLSchema-instance" xsi:noNamespaceSchemaLocation="https://maven.apache.org/surefire/maven-surefire-plugin/xsd/surefire-test-report.xsd" name="com.stazsans.MmsApplicationTests" time="3.788" tests="1" errors="0" skipped="0" failures="0">
  <properties>
    <property name="sun.desktop" value="windows"/>
    <property name="awt.toolkit" value="sun.awt.windows.WToolkit"/>
    <property name="file.encoding.pkg" value="sun.io"/>
    <property name="java.specification.version" value="1.8"/>
    <property name="sun.cpu.isalist" value="amd64"/>
    <property name="sun.jnu.encoding" value="GBK"/>
    <property name="java.class.path" value="C:\Users\ss\Desktop\J\MMS\target\test-classes;C:\Users\ss\Desktop\J\MMS\target\classes;C:\apache-maven-3.6.0\mvn_resp\org\springframework\boot\spring-boot-starter-thymeleaf\2.7.0\spring-boot-starter-thymeleaf-2.7.0.jar;C:\apache-maven-3.6.0\mvn_resp\org\springframework\boot\spring-boot-starter\2.7.0\spring-boot-starter-2.7.0.jar;C:\apache-maven-3.6.0\mvn_resp\org\springframework\boot\spring-boot-starter-logging\2.7.0\spring-boot-starter-logging-2.7.0.jar;C:\apache-maven-3.6.0\mvn_resp\ch\qos\logback\logback-classic\1.2.11\logback-classic-1.2.11.jar;C:\apache-maven-3.6.0\mvn_resp\ch\qos\logback\logback-core\1.2.11\logback-core-1.2.11.jar;C:\apache-maven-3.6.0\mvn_resp\org\apache\logging\log4j\log4j-to-slf4j\2.17.2\log4j-to-slf4j-2.17.2.jar;C:\apache-maven-3.6.0\mvn_resp\org\apache\logging\log4j\log4j-api\2.17.2\log4j-api-2.17.2.jar;C:\apache-maven-3.6.0\mvn_resp\org\slf4j\jul-to-slf4j\1.7.36\jul-to-slf4j-1.7.36.jar;C:\apache-maven-3.6.0\mvn_resp\jakarta\annotation\jakarta.annotation-api\1.3.5\jakarta.annotation-api-1.3.5.jar;C:\apache-maven-3.6.0\mvn_resp\org\yaml\snakeyaml\1.30\snakeyaml-1.30.jar;C:\apache-maven-3.6.0\mvn_resp\org\thymeleaf\thymeleaf-spring5\3.0.15.RELEASE\thymeleaf-spring5-3.0.15.RELEASE.jar;C:\apache-maven-3.6.0\mvn_resp\org\thymeleaf\thymeleaf\3.0.15.RELEASE\thymeleaf-3.0.15.RELEASE.jar;C:\apache-maven-3.6.0\mvn_resp\org\attoparser\attoparser\2.0.5.RELEASE\attoparser-2.0.5.RELEASE.jar;C:\apache-maven-3.6.0\mvn_resp\org\unbescape\unbescape\1.1.6.RELEASE\unbescape-1.1.6.RELEASE.jar;C:\apache-maven-3.6.0\mvn_resp\org\slf4j\slf4j-api\1.7.36\slf4j-api-1.7.36.jar;C:\apache-maven-3.6.0\mvn_resp\org\thymeleaf\extras\thymeleaf-extras-java8time\3.0.4.RELEASE\thymeleaf-extras-java8time-3.0.4.RELEASE.jar;C:\apache-maven-3.6.0\mvn_resp\org\springframework\boot\spring-boot-starter-web\2.7.0\spring-boot-starter-web-2.7.0.jar;C:\apache-maven-3.6.0\mvn_resp\org\springframework\boot\spring-boot-starter-json\2.7.0\spring-boot-starter-json-2.7.0.jar;C:\apache-maven-3.6.0\mvn_resp\com\fasterxml\jackson\core\jackson-databind\2.13.3\jackson-databind-2.13.3.jar;C:\apache-maven-3.6.0\mvn_resp\com\fasterxml\jackson\core\jackson-annotations\2.13.3\jackson-annotations-2.13.3.jar;C:\apache-maven-3.6.0\mvn_resp\com\fasterxml\jackson\core\jackson-core\2.13.3\jackson-core-2.13.3.jar;C:\apache-maven-3.6.0\mvn_resp\com\fasterxml\jackson\datatype\jackson-datatype-jdk8\2.13.3\jackson-datatype-jdk8-2.13.3.jar;C:\apache-maven-3.6.0\mvn_resp\com\fasterxml\jackson\datatype\jackson-datatype-jsr310\2.13.3\jackson-datatype-jsr310-2.13.3.jar;C:\apache-maven-3.6.0\mvn_resp\com\fasterxml\jackson\module\jackson-module-parameter-names\2.13.3\jackson-module-parameter-names-2.13.3.jar;C:\apache-maven-3.6.0\mvn_resp\org\springframework\boot\spring-boot-starter-tomcat\2.7.0\spring-boot-starter-tomcat-2.7.0.jar;C:\apache-maven-3.6.0\mvn_resp\org\apache\tomcat\embed\tomcat-embed-core\9.0.63\tomcat-embed-core-9.0.63.jar;C:\apache-maven-3.6.0\mvn_resp\org\apache\tomcat\embed\tomcat-embed-el\9.0.63\tomcat-embed-el-9.0.63.jar;C:\apache-maven-3.6.0\mvn_resp\org\apache\tomcat\embed\tomcat-embed-websocket\9.0.63\tomcat-embed-websocket-9.0.63.jar;C:\apache-maven-3.6.0\mvn_resp\org\springframework\spring-web\5.3.20\spring-web-5.3.20.jar;C:\apache-maven-3.6.0\mvn_resp\org\springframework\spring-beans\5.3.20\spring-beans-5.3.20.jar;C:\apache-maven-3.6.0\mvn_resp\org\springframework\spring-webmvc\5.3.20\spring-webmvc-5.3.20.jar;C:\apache-maven-3.6.0\mvn_resp\org\springframework\spring-aop\5.3.20\spring-aop-5.3.20.jar;C:\apache-maven-3.6.0\mvn_resp\org\springframework\spring-context\5.3.20\spring-context-5.3.20.jar;C:\apache-maven-3.6.0\mvn_resp\org\springframework\spring-expression\5.3.20\spring-expression-5.3.20.jar;C:\apache-maven-3.6.0\mvn_resp\org\mybatis\spring\boot\mybatis-spring-boot-starter\2.2.2\mybatis-spring-boot-starter-2.2.2.jar;C:\apache-maven-3.6.0\mvn_resp\org\springframework\boot\spring-boot-starter-jdbc\2.7.0\spring-boot-starter-jdbc-2.7.0.jar;C:\apache-maven-3.6.0\mvn_resp\com\zaxxer\HikariCP\4.0.3\HikariCP-4.0.3.jar;C:\apache-maven-3.6.0\mvn_resp\org\springframework\spring-jdbc\5.3.20\spring-jdbc-5.3.20.jar;C:\apache-maven-3.6.0\mvn_resp\org\springframework\spring-tx\5.3.20\spring-tx-5.3.20.jar;C:\apache-maven-3.6.0\mvn_resp\org\mybatis\spring\boot\mybatis-spring-boot-autoconfigure\2.2.2\mybatis-spring-boot-autoconfigure-2.2.2.jar;C:\apache-maven-3.6.0\mvn_resp\org\mybatis\mybatis\3.5.9\mybatis-3.5.9.jar;C:\apache-maven-3.6.0\mvn_resp\org\mybatis\mybatis-spring\2.0.7\mybatis-spring-2.0.7.jar;C:\apache-maven-3.6.0\mvn_resp\org\springframework\boot\spring-boot-devtools\2.7.0\spring-boot-devtools-2.7.0.jar;C:\apache-maven-3.6.0\mvn_resp\org\springframework\boot\spring-boot\2.7.0\spring-boot-2.7.0.jar;C:\apache-maven-3.6.0\mvn_resp\org\springframework\boot\spring-boot-autoconfigure\2.7.0\spring-boot-autoconfigure-2.7.0.jar;C:\apache-maven-3.6.0\mvn_resp\mysql\mysql-connector-java\8.0.29\mysql-connector-java-8.0.29.jar;C:\apache-maven-3.6.0\mvn_resp\org\projectlombok\lombok\1.18.24\lombok-1.18.24.jar;C:\apache-maven-3.6.0\mvn_resp\org\springframework\boot\spring-boot-starter-test\2.7.0\spring-boot-starter-test-2.7.0.jar;C:\apache-maven-3.6.0\mvn_resp\org\springframework\boot\spring-boot-test\2.7.0\spring-boot-test-2.7.0.jar;C:\apache-maven-3.6.0\mvn_resp\org\springframework\boot\spring-boot-test-autoconfigure\2.7.0\spring-boot-test-autoconfigure-2.7.0.jar;C:\apache-maven-3.6.0\mvn_resp\com\jayway\jsonpath\json-path\2.7.0\json-path-2.7.0.jar;C:\apache-maven-3.6.0\mvn_resp\net\minidev\json-smart\2.4.8\json-smart-2.4.8.jar;C:\apache-maven-3.6.0\mvn_resp\net\minidev\accessors-smart\2.4.8\accessors-smart-2.4.8.jar;C:\apache-maven-3.6.0\mvn_resp\org\ow2\asm\asm\9.1\asm-9.1.jar;C:\apache-maven-3.6.0\mvn_resp\jakarta\xml\bind\jakarta.xml.bind-api\2.3.3\jakarta.xml.bind-api-2.3.3.jar;C:\apache-maven-3.6.0\mvn_resp\jakarta\activation\jakarta.activation-api\1.2.2\jakarta.activation-api-1.2.2.jar;C:\apache-maven-3.6.0\mvn_resp\org\assertj\assertj-core\3.22.0\assertj-core-3.22.0.jar;C:\apache-maven-3.6.0\mvn_resp\org\hamcrest\hamcrest\2.2\hamcrest-2.2.jar;C:\apache-maven-3.6.0\mvn_resp\org\junit\jupiter\junit-jupiter\5.8.2\junit-jupiter-5.8.2.jar;C:\apache-maven-3.6.0\mvn_resp\org\junit\jupiter\junit-jupiter-api\5.8.2\junit-jupiter-api-5.8.2.jar;C:\apache-maven-3.6.0\mvn_resp\org\opentest4j\opentest4j\1.2.0\opentest4j-1.2.0.jar;C:\apache-maven-3.6.0\mvn_resp\org\junit\platform\junit-platform-commons\1.8.2\junit-platform-commons-1.8.2.jar;C:\apache-maven-3.6.0\mvn_resp\org\apiguardian\apiguardian-api\1.1.2\apiguardian-api-1.1.2.jar;C:\apache-maven-3.6.0\mvn_resp\org\junit\jupiter\junit-jupiter-params\5.8.2\junit-jupiter-params-5.8.2.jar;C:\apache-maven-3.6.0\mvn_resp\org\junit\jupiter\junit-jupiter-engine\5.8.2\junit-jupiter-engine-5.8.2.jar;C:\apache-maven-3.6.0\mvn_resp\org\junit\platform\junit-platform-engine\1.8.2\junit-platform-engine-1.8.2.jar;C:\apache-maven-3.6.0\mvn_resp\org\mockito\mockito-core\4.5.1\mockito-core-4.5.1.jar;C:\apache-maven-3.6.0\mvn_resp\net\bytebuddy\byte-buddy\1.12.10\byte-buddy-1.12.10.jar;C:\apache-maven-3.6.0\mvn_resp\net\bytebuddy\byte-buddy-agent\1.12.10\byte-buddy-agent-1.12.10.jar;C:\apache-maven-3.6.0\mvn_resp\org\objenesis\objenesis\3.2\objenesis-3.2.jar;C:\apache-maven-3.6.0\mvn_resp\org\mockito\mockito-junit-jupiter\4.5.1\mockito-junit-jupiter-4.5.1.jar;C:\apache-maven-3.6.0\mvn_resp\org\skyscreamer\jsonassert\1.5.0\jsonassert-1.5.0.jar;C:\apache-maven-3.6.0\mvn_resp\com\vaadin\external\google\android-json\0.0.20131108.vaadin1\android-json-0.0.20131108.vaadin1.jar;C:\apache-maven-3.6.0\mvn_resp\org\springframework\spring-core\5.3.20\spring-core-5.3.20.jar;C:\apache-maven-3.6.0\mvn_resp\org\springframework\spring-jcl\5.3.20\spring-jcl-5.3.20.jar;C:\apache-maven-3.6.0\mvn_resp\org\springframework\spring-test\5.3.20\spring-test-5.3.20.jar;C:\apache-maven-3.6.0\mvn_resp\org\xmlunit\xmlunit-core\2.9.0\xmlunit-core-2.9.0.jar;C:\apache-maven-3.6.0\mvn_resp\com\alibaba\druid\1.2.9\druid-1.2.9.jar;C:\apache-maven-3.6.0\mvn_resp\com\baomidou\mybatis-plus-boot-starter\3.5.1\mybatis-plus-boot-starter-3.5.1.jar;C:\apache-maven-3.6.0\mvn_resp\com\baomidou\mybatis-plus\3.5.1\mybatis-plus-3.5.1.jar;C:\apache-maven-3.6.0\mvn_resp\com\baomidou\mybatis-plus-extension\3.5.1\mybatis-plus-extension-3.5.1.jar;C:\apache-maven-3.6.0\mvn_resp\com\baomidou\mybatis-plus-core\3.5.1\mybatis-plus-core-3.5.1.jar;C:\apache-maven-3.6.0\mvn_resp\com\baomidou\mybatis-plus-annotation\3.5.1\mybatis-plus-annotation-3.5.1.jar;C:\apache-maven-3.6.0\mvn_resp\com\github\jsqlparser\jsqlparser\4.3\jsqlparser-4.3.jar;C:\apache-maven-3.6.0\mvn_resp\org\apache\shiro\shiro-spring\1.4.2\shiro-spring-1.4.2.jar;C:\apache-maven-3.6.0\mvn_resp\org\apache\shiro\shiro-core\1.4.2\shiro-core-1.4.2.jar;C:\apache-maven-3.6.0\mvn_resp\org\apache\shiro\shiro-lang\1.4.2\shiro-lang-1.4.2.jar;C:\apache-maven-3.6.0\mvn_resp\org\apache\shiro\shiro-cache\1.4.2\shiro-cache-1.4.2.jar;C:\apache-maven-3.6.0\mvn_resp\org\apache\shiro\shiro-crypto-hash\1.4.2\shiro-crypto-hash-1.4.2.jar;C:\apache-maven-3.6.0\mvn_resp\org\apache\shiro\shiro-crypto-core\1.4.2\shiro-crypto-core-1.4.2.jar;C:\apache-maven-3.6.0\mvn_resp\org\apache\shiro\shiro-crypto-cipher\1.4.2\shiro-crypto-cipher-1.4.2.jar;C:\apache-maven-3.6.0\mvn_resp\org\apache\shiro\shiro-config-core\1.4.2\shiro-config-core-1.4.2.jar;C:\apache-maven-3.6.0\mvn_resp\org\apache\shiro\shiro-config-ogdl\1.4.2\shiro-config-ogdl-1.4.2.jar;C:\apache-maven-3.6.0\mvn_resp\commons-beanutils\commons-beanutils\1.9.3\commons-beanutils-1.9.3.jar;C:\apache-maven-3.6.0\mvn_resp\commons-collections\commons-collections\3.2.2\commons-collections-3.2.2.jar;C:\apache-maven-3.6.0\mvn_resp\org\apache\shiro\shiro-event\1.4.2\shiro-event-1.4.2.jar;C:\apache-maven-3.6.0\mvn_resp\org\apache\shiro\shiro-web\1.4.2\shiro-web-1.4.2.jar;C:\apache-maven-3.6.0\mvn_resp\com\github\theborakompanioni\thymeleaf-extras-shiro\2.1.0\thymeleaf-extras-shiro-2.1.0.jar;"/>
    <property name="java.vm.vendor" value="Oracle Corporation"/>
    <property name="sun.arch.data.model" value="64"/>
    <property name="user.variant" value=""/>
    <property name="java.vendor.url" value="http://java.oracle.com/"/>
    <property name="user.timezone" value="GMT+08:00"/>
    <property name="java.vm.specification.version" value="1.8"/>
    <property name="os.name" value="Windows 10"/>
    <property name="user.country" value="CN"/>
    <property name="sun.java.launcher" value="SUN_STANDARD"/>
    <property name="sun.boot.library.path" value="C:\Program Files\Java\jdk1.8.0_251\jre\bin"/>
    <property name="sun.java.command" value="C:\Users\ss\AppData\Local\Temp\surefire2214884819470194556\surefirebooter7807106091534349920.jar C:\Users\ss\AppData\Local\Temp\surefire2214884819470194556 2022-06-07T19-49-32_233-jvmRun1 surefire9075887259720186640tmp surefire_03001811104644666292tmp"/>
    <property name="surefire.test.class.path" value="C:\Users\ss\Desktop\J\MMS\target\test-classes;C:\Users\ss\Desktop\J\MMS\target\classes;C:\apache-maven-3.6.0\mvn_resp\org\springframework\boot\spring-boot-starter-thymeleaf\2.7.0\spring-boot-starter-thymeleaf-2.7.0.jar;C:\apache-maven-3.6.0\mvn_resp\org\springframework\boot\spring-boot-starter\2.7.0\spring-boot-starter-2.7.0.jar;C:\apache-maven-3.6.0\mvn_resp\org\springframework\boot\spring-boot-starter-logging\2.7.0\spring-boot-starter-logging-2.7.0.jar;C:\apache-maven-3.6.0\mvn_resp\ch\qos\logback\logback-classic\1.2.11\logback-classic-1.2.11.jar;C:\apache-maven-3.6.0\mvn_resp\ch\qos\logback\logback-core\1.2.11\logback-core-1.2.11.jar;C:\apache-maven-3.6.0\mvn_resp\org\apache\logging\log4j\log4j-to-slf4j\2.17.2\log4j-to-slf4j-2.17.2.jar;C:\apache-maven-3.6.0\mvn_resp\org\apache\logging\log4j\log4j-api\2.17.2\log4j-api-2.17.2.jar;C:\apache-maven-3.6.0\mvn_resp\org\slf4j\jul-to-slf4j\1.7.36\jul-to-slf4j-1.7.36.jar;C:\apache-maven-3.6.0\mvn_resp\jakarta\annotation\jakarta.annotation-api\1.3.5\jakarta.annotation-api-1.3.5.jar;C:\apache-maven-3.6.0\mvn_resp\org\yaml\snakeyaml\1.30\snakeyaml-1.30.jar;C:\apache-maven-3.6.0\mvn_resp\org\thymeleaf\thymeleaf-spring5\3.0.15.RELEASE\thymeleaf-spring5-3.0.15.RELEASE.jar;C:\apache-maven-3.6.0\mvn_resp\org\thymeleaf\thymeleaf\3.0.15.RELEASE\thymeleaf-3.0.15.RELEASE.jar;C:\apache-maven-3.6.0\mvn_resp\org\attoparser\attoparser\2.0.5.RELEASE\attoparser-2.0.5.RELEASE.jar;C:\apache-maven-3.6.0\mvn_resp\org\unbescape\unbescape\1.1.6.RELEASE\unbescape-1.1.6.RELEASE.jar;C:\apache-maven-3.6.0\mvn_resp\org\slf4j\slf4j-api\1.7.36\slf4j-api-1.7.36.jar;C:\apache-maven-3.6.0\mvn_resp\org\thymeleaf\extras\thymeleaf-extras-java8time\3.0.4.RELEASE\thymeleaf-extras-java8time-3.0.4.RELEASE.jar;C:\apache-maven-3.6.0\mvn_resp\org\springframework\boot\spring-boot-starter-web\2.7.0\spring-boot-starter-web-2.7.0.jar;C:\apache-maven-3.6.0\mvn_resp\org\springframework\boot\spring-boot-starter-json\2.7.0\spring-boot-starter-json-2.7.0.jar;C:\apache-maven-3.6.0\mvn_resp\com\fasterxml\jackson\core\jackson-databind\2.13.3\jackson-databind-2.13.3.jar;C:\apache-maven-3.6.0\mvn_resp\com\fasterxml\jackson\core\jackson-annotations\2.13.3\jackson-annotations-2.13.3.jar;C:\apache-maven-3.6.0\mvn_resp\com\fasterxml\jackson\core\jackson-core\2.13.3\jackson-core-2.13.3.jar;C:\apache-maven-3.6.0\mvn_resp\com\fasterxml\jackson\datatype\jackson-datatype-jdk8\2.13.3\jackson-datatype-jdk8-2.13.3.jar;C:\apache-maven-3.6.0\mvn_resp\com\fasterxml\jackson\datatype\jackson-datatype-jsr310\2.13.3\jackson-datatype-jsr310-2.13.3.jar;C:\apache-maven-3.6.0\mvn_resp\com\fasterxml\jackson\module\jackson-module-parameter-names\2.13.3\jackson-module-parameter-names-2.13.3.jar;C:\apache-maven-3.6.0\mvn_resp\org\springframework\boot\spring-boot-starter-tomcat\2.7.0\spring-boot-starter-tomcat-2.7.0.jar;C:\apache-maven-3.6.0\mvn_resp\org\apache\tomcat\embed\tomcat-embed-core\9.0.63\tomcat-embed-core-9.0.63.jar;C:\apache-maven-3.6.0\mvn_resp\org\apache\tomcat\embed\tomcat-embed-el\9.0.63\tomcat-embed-el-9.0.63.jar;C:\apache-maven-3.6.0\mvn_resp\org\apache\tomcat\embed\tomcat-embed-websocket\9.0.63\tomcat-embed-websocket-9.0.63.jar;C:\apache-maven-3.6.0\mvn_resp\org\springframework\spring-web\5.3.20\spring-web-5.3.20.jar;C:\apache-maven-3.6.0\mvn_resp\org\springframework\spring-beans\5.3.20\spring-beans-5.3.20.jar;C:\apache-maven-3.6.0\mvn_resp\org\springframework\spring-webmvc\5.3.20\spring-webmvc-5.3.20.jar;C:\apache-maven-3.6.0\mvn_resp\org\springframework\spring-aop\5.3.20\spring-aop-5.3.20.jar;C:\apache-maven-3.6.0\mvn_resp\org\springframework\spring-context\5.3.20\spring-context-5.3.20.jar;C:\apache-maven-3.6.0\mvn_resp\org\springframework\spring-expression\5.3.20\spring-expression-5.3.20.jar;C:\apache-maven-3.6.0\mvn_resp\org\mybatis\spring\boot\mybatis-spring-boot-starter\2.2.2\mybatis-spring-boot-starter-2.2.2.jar;C:\apache-maven-3.6.0\mvn_resp\org\springframework\boot\spring-boot-starter-jdbc\2.7.0\spring-boot-starter-jdbc-2.7.0.jar;C:\apache-maven-3.6.0\mvn_resp\com\zaxxer\HikariCP\4.0.3\HikariCP-4.0.3.jar;C:\apache-maven-3.6.0\mvn_resp\org\springframework\spring-jdbc\5.3.20\spring-jdbc-5.3.20.jar;C:\apache-maven-3.6.0\mvn_resp\org\springframework\spring-tx\5.3.20\spring-tx-5.3.20.jar;C:\apache-maven-3.6.0\mvn_resp\org\mybatis\spring\boot\mybatis-spring-boot-autoconfigure\2.2.2\mybatis-spring-boot-autoconfigure-2.2.2.jar;C:\apache-maven-3.6.0\mvn_resp\org\mybatis\mybatis\3.5.9\mybatis-3.5.9.jar;C:\apache-maven-3.6.0\mvn_resp\org\mybatis\mybatis-spring\2.0.7\mybatis-spring-2.0.7.jar;C:\apache-maven-3.6.0\mvn_resp\org\springframework\boot\spring-boot-devtools\2.7.0\spring-boot-devtools-2.7.0.jar;C:\apache-maven-3.6.0\mvn_resp\org\springframework\boot\spring-boot\2.7.0\spring-boot-2.7.0.jar;C:\apache-maven-3.6.0\mvn_resp\org\springframework\boot\spring-boot-autoconfigure\2.7.0\spring-boot-autoconfigure-2.7.0.jar;C:\apache-maven-3.6.0\mvn_resp\mysql\mysql-connector-java\8.0.29\mysql-connector-java-8.0.29.jar;C:\apache-maven-3.6.0\mvn_resp\org\projectlombok\lombok\1.18.24\lombok-1.18.24.jar;C:\apache-maven-3.6.0\mvn_resp\org\springframework\boot\spring-boot-starter-test\2.7.0\spring-boot-starter-test-2.7.0.jar;C:\apache-maven-3.6.0\mvn_resp\org\springframework\boot\spring-boot-test\2.7.0\spring-boot-test-2.7.0.jar;C:\apache-maven-3.6.0\mvn_resp\org\springframework\boot\spring-boot-test-autoconfigure\2.7.0\spring-boot-test-autoconfigure-2.7.0.jar;C:\apache-maven-3.6.0\mvn_resp\com\jayway\jsonpath\json-path\2.7.0\json-path-2.7.0.jar;C:\apache-maven-3.6.0\mvn_resp\net\minidev\json-smart\2.4.8\json-smart-2.4.8.jar;C:\apache-maven-3.6.0\mvn_resp\net\minidev\accessors-smart\2.4.8\accessors-smart-2.4.8.jar;C:\apache-maven-3.6.0\mvn_resp\org\ow2\asm\asm\9.1\asm-9.1.jar;C:\apache-maven-3.6.0\mvn_resp\jakarta\xml\bind\jakarta.xml.bind-api\2.3.3\jakarta.xml.bind-api-2.3.3.jar;C:\apache-maven-3.6.0\mvn_resp\jakarta\activation\jakarta.activation-api\1.2.2\jakarta.activation-api-1.2.2.jar;C:\apache-maven-3.6.0\mvn_resp\org\assertj\assertj-core\3.22.0\assertj-core-3.22.0.jar;C:\apache-maven-3.6.0\mvn_resp\org\hamcrest\hamcrest\2.2\hamcrest-2.2.jar;C:\apache-maven-3.6.0\mvn_resp\org\junit\jupiter\junit-jupiter\5.8.2\junit-jupiter-5.8.2.jar;C:\apache-maven-3.6.0\mvn_resp\org\junit\jupiter\junit-jupiter-api\5.8.2\junit-jupiter-api-5.8.2.jar;C:\apache-maven-3.6.0\mvn_resp\org\opentest4j\opentest4j\1.2.0\opentest4j-1.2.0.jar;C:\apache-maven-3.6.0\mvn_resp\org\junit\platform\junit-platform-commons\1.8.2\junit-platform-commons-1.8.2.jar;C:\apache-maven-3.6.0\mvn_resp\org\apiguardian\apiguardian-api\1.1.2\apiguardian-api-1.1.2.jar;C:\apache-maven-3.6.0\mvn_resp\org\junit\jupiter\junit-jupiter-params\5.8.2\junit-jupiter-params-5.8.2.jar;C:\apache-maven-3.6.0\mvn_resp\org\junit\jupiter\junit-jupiter-engine\5.8.2\junit-jupiter-engine-5.8.2.jar;C:\apache-maven-3.6.0\mvn_resp\org\junit\platform\junit-platform-engine\1.8.2\junit-platform-engine-1.8.2.jar;C:\apache-maven-3.6.0\mvn_resp\org\mockito\mockito-core\4.5.1\mockito-core-4.5.1.jar;C:\apache-maven-3.6.0\mvn_resp\net\bytebuddy\byte-buddy\1.12.10\byte-buddy-1.12.10.jar;C:\apache-maven-3.6.0\mvn_resp\net\bytebuddy\byte-buddy-agent\1.12.10\byte-buddy-agent-1.12.10.jar;C:\apache-maven-3.6.0\mvn_resp\org\objenesis\objenesis\3.2\objenesis-3.2.jar;C:\apache-maven-3.6.0\mvn_resp\org\mockito\mockito-junit-jupiter\4.5.1\mockito-junit-jupiter-4.5.1.jar;C:\apache-maven-3.6.0\mvn_resp\org\skyscreamer\jsonassert\1.5.0\jsonassert-1.5.0.jar;C:\apache-maven-3.6.0\mvn_resp\com\vaadin\external\google\android-json\0.0.20131108.vaadin1\android-json-0.0.20131108.vaadin1.jar;C:\apache-maven-3.6.0\mvn_resp\org\springframework\spring-core\5.3.20\spring-core-5.3.20.jar;C:\apache-maven-3.6.0\mvn_resp\org\springframework\spring-jcl\5.3.20\spring-jcl-5.3.20.jar;C:\apache-maven-3.6.0\mvn_resp\org\springframework\spring-test\5.3.20\spring-test-5.3.20.jar;C:\apache-maven-3.6.0\mvn_resp\org\xmlunit\xmlunit-core\2.9.0\xmlunit-core-2.9.0.jar;C:\apache-maven-3.6.0\mvn_resp\com\alibaba\druid\1.2.9\druid-1.2.9.jar;C:\apache-maven-3.6.0\mvn_resp\com\baomidou\mybatis-plus-boot-starter\3.5.1\mybatis-plus-boot-starter-3.5.1.jar;C:\apache-maven-3.6.0\mvn_resp\com\baomidou\mybatis-plus\3.5.1\mybatis-plus-3.5.1.jar;C:\apache-maven-3.6.0\mvn_resp\com\baomidou\mybatis-plus-extension\3.5.1\mybatis-plus-extension-3.5.1.jar;C:\apache-maven-3.6.0\mvn_resp\com\baomidou\mybatis-plus-core\3.5.1\mybatis-plus-core-3.5.1.jar;C:\apache-maven-3.6.0\mvn_resp\com\baomidou\mybatis-plus-annotation\3.5.1\mybatis-plus-annotation-3.5.1.jar;C:\apache-maven-3.6.0\mvn_resp\com\github\jsqlparser\jsqlparser\4.3\jsqlparser-4.3.jar;C:\apache-maven-3.6.0\mvn_resp\org\apache\shiro\shiro-spring\1.4.2\shiro-spring-1.4.2.jar;C:\apache-maven-3.6.0\mvn_resp\org\apache\shiro\shiro-core\1.4.2\shiro-core-1.4.2.jar;C:\apache-maven-3.6.0\mvn_resp\org\apache\shiro\shiro-lang\1.4.2\shiro-lang-1.4.2.jar;C:\apache-maven-3.6.0\mvn_resp\org\apache\shiro\shiro-cache\1.4.2\shiro-cache-1.4.2.jar;C:\apache-maven-3.6.0\mvn_resp\org\apache\shiro\shiro-crypto-hash\1.4.2\shiro-crypto-hash-1.4.2.jar;C:\apache-maven-3.6.0\mvn_resp\org\apache\shiro\shiro-crypto-core\1.4.2\shiro-crypto-core-1.4.2.jar;C:\apache-maven-3.6.0\mvn_resp\org\apache\shiro\shiro-crypto-cipher\1.4.2\shiro-crypto-cipher-1.4.2.jar;C:\apache-maven-3.6.0\mvn_resp\org\apache\shiro\shiro-config-core\1.4.2\shiro-config-core-1.4.2.jar;C:\apache-maven-3.6.0\mvn_resp\org\apache\shiro\shiro-config-ogdl\1.4.2\shiro-config-ogdl-1.4.2.jar;C:\apache-maven-3.6.0\mvn_resp\commons-beanutils\commons-beanutils\1.9.3\commons-beanutils-1.9.3.jar;C:\apache-maven-3.6.0\mvn_resp\commons-collections\commons-collections\3.2.2\commons-collections-3.2.2.jar;C:\apache-maven-3.6.0\mvn_resp\org\apache\shiro\shiro-event\1.4.2\shiro-event-1.4.2.jar;C:\apache-maven-3.6.0\mvn_resp\org\apache\shiro\shiro-web\1.4.2\shiro-web-1.4.2.jar;C:\apache-maven-3.6.0\mvn_resp\com\github\theborakompanioni\thymeleaf-extras-shiro\2.1.0\thymeleaf-extras-shiro-2.1.0.jar;"/>
    <property name="sun.cpu.endian" value="little"/>
    <property name="user.home" value="C:\Users\ss"/>
    <property name="user.language" value="zh"/>
    <property name="java.specification.vendor" value="Oracle Corporation"/>
    <property name="java.home" value="C:\Program Files\Java\jdk1.8.0_251\jre"/>
    <property name="basedir" value="C:\Users\ss\Desktop\J\MMS"/>
    <property name="file.separator" value="\"/>
    <property name="line.separator" value="&#10;"/>
    <property name="java.vm.specification.vendor" value="Oracle Corporation"/>
    <property name="java.specification.name" value="Java Platform API Specification"/>
    <property name="java.awt.graphicsenv" value="sun.awt.Win32GraphicsEnvironment"/>
    <property name="surefire.real.class.path" value="C:\Users\ss\AppData\Local\Temp\surefire2214884819470194556\surefirebooter7807106091534349920.jar"/>
    <property name="sun.boot.class.path" value="C:\Program Files\Java\jdk1.8.0_251\jre\lib\resources.jar;C:\Program Files\Java\jdk1.8.0_251\jre\lib\rt.jar;C:\Program Files\Java\jdk1.8.0_251\jre\lib\sunrsasign.jar;C:\Program Files\Java\jdk1.8.0_251\jre\lib\jsse.jar;C:\Program Files\Java\jdk1.8.0_251\jre\lib\jce.jar;C:\Program Files\Java\jdk1.8.0_251\jre\lib\charsets.jar;C:\Program Files\Java\jdk1.8.0_251\jre\lib\jfr.jar;C:\Program Files\Java\jdk1.8.0_251\jre\classes"/>
    <property name="user.script" value=""/>
    <property name="sun.management.compiler" value="HotSpot 64-Bit Tiered Compilers"/>
    <property name="java.runtime.version" value="1.8.0_251-b08"/>
    <property name="user.name" value="ss"/>
    <property name="path.separator" value=";"/>
    <property name="os.version" value="10.0"/>
    <property name="java.endorsed.dirs" value="C:\Program Files\Java\jdk1.8.0_251\jre\lib\endorsed"/>
    <property name="java.runtime.name" value="Java(TM) SE Runtime Environment"/>
    <property name="file.encoding" value="GBK"/>
    <property name="java.vm.name" value="Java HotSpot(TM) 64-Bit Server VM"/>
    <property name="localRepository" value="C:\apache-maven-3.6.0\mvn_resp"/>
    <property name="java.vendor.url.bug" value="http://bugreport.sun.com/bugreport/"/>
    <property name="java.io.tmpdir" value="C:\Users\ss\AppData\Local\Temp\"/>
    <property name="idea.version" value="2022.1.2"/>
    <property name="java.version" value="1.8.0_251"/>
    <property name="user.dir" value="C:\Users\ss\Desktop\J\MMS"/>
    <property name="os.arch" value="amd64"/>
    <property name="java.vm.specification.name" value="Java Virtual Machine Specification"/>
    <property name="java.awt.printerjob" value="sun.awt.windows.WPrinterJob"/>
    <property name="sun.os.patch.level" value=""/>
    <property name="java.library.path" value="C:\Program Files\Java\jdk1.8.0_251\jre\bin;C:\WINDOWS\Sun\Java\bin;C:\WINDOWS\system32;C:\WINDOWS;C:\Program Files\Java\jdk1.8.0_251\bin;C:\Program Files (x86)\Common Files\Oracle\Java\javapath;C:\Program Files\Common Files\Oracle\Java\javapath;C:\windows\system32;C:\windows;C:\windows\System32\Wbem;C:\windows\System32\WindowsPowerShell\v1.0\;C:\windows\System32\OpenSSH\;C:\WINDOWS\system32;C:\WINDOWS;C:\WINDOWS\System32\Wbem;C:\WINDOWS\System32\WindowsPowerShell\v1.0\;C:\WINDOWS\System32\OpenSSH\;C:\Program Files\NVIDIA Corporation\NVIDIA NvDLISR;C:\Program Files (x86)\NVIDIA Corporation\PhysX\Common;C:\Program Files\MySQL\MySQL Server 8.0\bin;C:\apache-maven-3.6.0\bin;C:\mysql-5.7.24\bin;C:\Program Files\dotnet\;C:\Program Files (x86)\NetSarang\Xshell 7\;C:\Users\ss\AppData\Local\Microsoft\WindowsApps;C:\Users\ss\AppData\Local\Programs\Microsoft VS Code\bin;C:\Program Files\Java\jdk1.8.0_251\bin;C:\Program Files\Java\jdk1.8.0_251\jre\bin;;."/>
    <property name="java.vm.info" value="mixed mode"/>
    <property name="java.vendor" value="Oracle Corporation"/>
    <property name="java.vm.version" value="25.251-b08"/>
    <property name="java.ext.dirs" value="C:\Program Files\Java\jdk1.8.0_251\jre\lib\ext;C:\WINDOWS\Sun\Java\lib\ext"/>
    <property name="sun.io.unicode.encoding" value="UnicodeLittle"/>
    <property name="java.class.version" value="52.0"/>
  </properties>
  <testcase name="contextLoads" classname="com.stazsans.MmsApplicationTests" time="0.162"/>
</testsuite>